2021-11-18T10:42:33.862Z [User Mangement!] info: message
2021-11-18T11:52:02.611Z [User Mangement!] info: message
2021-11-18T16:54:39.307Z [User Mangement!] info: message
2021-11-18T16:55:28.246Z [User Mangement!] info: message
2021-11-18T17:13:23.942Z [User Mangement!] info: message
2021-11-18T17:13:50.620Z [User Mangement!] info: You have been registered. Please check your email to verify account
2021-11-18T17:13:51.490Z [User Mangement!] info: message
2021-11-18T17:14:01.053Z [User Mangement!] info: successfuly deleted the user
2021-11-18T17:14:01.629Z [User Mangement!] info: message
2021-11-18T17:29:49.564Z [User Mangement!] info: message
2021-11-18T17:39:15.613Z [User Mangement!] info: message
2021-11-18T17:42:46.618Z [User Mangement!] info: message
2021-11-18T17:43:19.842Z [User Mangement!] info: message
2021-11-18T19:33:43.033Z [User Mangement!] error: "userId" is required
2021-11-18T21:25:12.121Z [User Mangement!] error: "customerId" is required
2021-11-18T22:14:55.750Z [User Mangement!] info: message
2021-11-18T22:59:45.082Z [User Mangement!] info: message
2021-11-18T23:06:01.167Z [User Mangement!] info: message
2021-11-18T23:12:20.566Z [User Mangement!] info: message
2021-11-18T23:29:10.675Z [User Mangement!] info: message
2021-11-18T23:42:23.503Z [User Mangement!] info: message
2021-11-18T23:42:38.836Z [User Mangement!] info: message
2021-11-18T23:43:44.064Z [User Mangement!] info: message
2021-11-18T23:43:54.412Z [User Mangement!] info: message
2021-11-19T00:07:55.711Z [User Mangement!] info: message
2021-11-19T00:07:57.392Z [User Mangement!] info: message
2021-11-19T00:12:21.674Z [User Mangement!] info: message
2021-11-19T02:08:52.918Z [User Mangement!] info: message
2021-11-19T05:10:32.464Z [User Mangement!] info: message
2021-11-19T05:59:56.208Z [User Mangement!] info: message
2021-11-19T09:51:59.158Z [User Mangement!] info: message
2021-11-19T10:38:04.643Z [User Mangement!] info: message
2021-11-19T10:57:51.670Z [User Mangement!] info: message
2021-11-19T11:00:30.824Z [User Mangement!] info: message
2021-11-19T11:03:35.237Z [User Mangement!] info: message
2021-11-19T11:04:48.211Z [User Mangement!] info: message
2021-11-21T11:13:31.767Z [User Mangement!] info: You have been registered. Please check your email to verify account
2021-11-21T11:14:23.915Z [User Mangement!] error: "password" length must be less than or equal to 10 characters long
2021-11-21T12:06:11.954Z [User Mangement!] info: message
2021-11-21T12:06:24.072Z [User Mangement!] info: message
2021-11-21T12:06:35.325Z [User Mangement!] info: message
2021-11-21T12:08:25.300Z [User Mangement!] info: message
2021-11-21T12:10:31.304Z [User Mangement!] info: message
2021-11-21T12:11:02.624Z [User Mangement!] info: message
2021-11-21T12:15:20.096Z [User Mangement!] info: message
2021-11-21T12:16:16.254Z [User Mangement!] info: message
2021-11-21T12:19:53.219Z [User Mangement!] info: message
2021-11-21T12:28:21.930Z [User Mangement!] info: message
2021-11-21T12:28:34.422Z [User Mangement!] info: message
2021-11-21T12:37:39.419Z [User Mangement!] info: message
2021-11-21T12:40:34.818Z [User Mangement!] info: message
2021-11-21T12:47:32.570Z [User Mangement!] info: message
2021-11-21T12:47:33.430Z [User Mangement!] info: message
2021-11-21T12:50:13.393Z [User Mangement!] info: message
2021-11-21T13:11:14.886Z [User Mangement!] info: message
2021-11-21T13:22:33.782Z [User Mangement!] info: message
2021-11-21T13:23:39.383Z [User Mangement!] info: message
2021-11-21T13:37:36.530Z [User Mangement!] info: message
2021-11-21T13:38:55.400Z [User Mangement!] info: message
2021-11-21T13:39:23.546Z [User Mangement!] info: message
2021-11-21T13:41:04.535Z [User Mangement!] info: message
2021-11-21T13:48:08.267Z [User Mangement!] info: message
2021-11-21T15:59:40.687Z [User Mangement!] info: message
2021-11-21T18:07:46.268Z [User Mangement!] info: message
2021-11-21T18:11:11.795Z [User Mangement!] info: message
2021-11-21T18:27:27.602Z [User Mangement!] info: message
2021-11-21T18:29:37.073Z [User Mangement!] info: message
2021-11-21T18:29:45.268Z [User Mangement!] info: message
2021-11-21T18:30:27.471Z [User Mangement!] info: message
2021-11-21T19:38:56.181Z [User Mangement!] info: message
2021-11-21T19:41:01.362Z [User Mangement!] info: message
2021-11-21T19:41:48.200Z [User Mangement!] info: message
2021-11-21T19:42:25.078Z [User Mangement!] info: message
2021-11-21T19:42:59.859Z [User Mangement!] info: message
2021-11-21T19:43:35.831Z [User Mangement!] info: message
2021-11-21T19:44:34.129Z [User Mangement!] info: message
2021-11-21T19:45:01.677Z [User Mangement!] info: message
2021-11-21T19:45:24.230Z [User Mangement!] info: message
2021-11-21T19:46:06.360Z [User Mangement!] info: message
2021-11-21T19:48:56.973Z [User Mangement!] info: message
2021-11-21T19:50:27.707Z [User Mangement!] info: message
2021-11-21T19:50:27.948Z [User Mangement!] info: message
2021-11-21T19:50:45.102Z [User Mangement!] info: message
2021-11-21T19:51:36.082Z [User Mangement!] info: message
2021-11-21T19:52:21.953Z [User Mangement!] info: message
2021-11-21T19:53:09.863Z [User Mangement!] error: "password" length must be at least 8 characters long
2021-11-21T19:53:24.053Z [User Mangement!] info: message
2021-11-21T19:57:03.357Z [User Mangement!] info: message
2021-11-21T19:58:15.147Z [User Mangement!] info: message
2021-11-21T20:00:16.990Z [User Mangement!] info: message
2021-11-21T20:01:44.296Z [User Mangement!] info: message
2021-11-21T20:04:13.899Z [User Mangement!] info: message
2021-11-21T20:07:34.080Z [User Mangement!] info: message
2021-11-21T20:14:03.747Z [User Mangement!] info: message
2021-11-21T20:15:50.421Z [User Mangement!] info: message
2021-11-21T20:19:53.890Z [User Mangement!] info: message
2021-11-21T20:23:16.060Z [User Mangement!] info: message
2021-11-21T20:24:47.152Z [User Mangement!] info: message
2021-11-21T20:31:05.141Z [User Mangement!] info: message
2021-11-21T20:32:14.198Z [User Mangement!] info: message
2021-11-21T20:33:04.732Z [User Mangement!] info: message
2021-11-21T20:34:16.500Z [User Mangement!] info: message
2021-11-21T20:35:38.273Z [User Mangement!] info: message
2021-11-21T20:40:53.645Z [User Mangement!] info: message
2021-11-21T20:41:34.917Z [User Mangement!] info: message
2021-11-21T20:42:46.302Z [User Mangement!] info: message
2021-11-21T20:43:06.463Z [User Mangement!] info: message
2021-11-21T20:44:00.267Z [User Mangement!] info: message
2021-11-21T21:42:06.998Z [User Mangement!] error: "password" must only contain alpha-numeric characters
2021-11-21T21:44:10.325Z [User Mangement!] error: "password" length must be less than or equal to 10 characters long
2021-11-21T22:52:08.134Z [User Mangement!] info: message
2021-11-21T22:55:11.098Z [User Mangement!] info: message
2021-11-21T22:55:41.650Z [User Mangement!] info: message
2021-11-21T22:56:35.959Z [User Mangement!] info: message
2021-11-21T22:59:42.777Z [User Mangement!] info: message
2021-11-21T23:00:18.272Z [User Mangement!] info: message
2021-11-21T23:00:50.290Z [User Mangement!] info: message
2021-11-22T10:35:32.519Z [User Mangement!] info: message
2021-11-22T11:19:49.234Z [User Mangement!] info: message
2021-11-22T14:44:46.055Z [User Mangement!] info: message
2021-11-22T16:48:36.739Z [User Mangement!] info: message
2021-11-22T17:30:59.062Z [User Mangement!] info: message
2021-11-22T17:31:10.214Z [User Mangement!] info: message
2021-11-22T17:31:31.538Z [User Mangement!] info: message
2021-11-22T17:32:53.805Z [User Mangement!] info: message
2021-11-22T17:33:21.811Z [User Mangement!] info: message
2021-11-22T17:33:52.363Z [User Mangement!] info: message
2021-11-22T17:34:33.449Z [User Mangement!] info: message
2021-11-22T17:35:33.880Z [User Mangement!] info: message
2021-11-22T17:45:53.743Z [User Mangement!] error: "password" length must be at least 8 characters long
2021-11-22T17:46:12.893Z [User Mangement!] error: "password" length must be at least 8 characters long
2021-11-22T17:46:29.916Z [User Mangement!] info: message
2021-11-22T17:47:34.541Z [User Mangement!] info: message
2021-11-22T17:52:46.023Z [User Mangement!] info: message
2021-11-22T17:53:42.717Z [User Mangement!] info: message
2021-11-22T18:58:15.768Z [User Mangement!] info: message
2021-11-22T18:58:48.293Z [User Mangement!] info: message
2021-11-22T19:02:44.312Z [User Mangement!] info: message
2021-11-22T19:08:09.394Z [User Mangement!] info: message
2021-11-22T19:10:39.970Z [User Mangement!] info: message
2021-11-22T19:11:37.459Z [User Mangement!] info: message
2021-11-22T19:13:54.826Z [User Mangement!] info: message
2021-11-22T19:15:41.960Z [User Mangement!] info: message
2021-11-22T19:16:04.810Z [User Mangement!] info: message
2021-11-22T19:16:13.595Z [User Mangement!] info: message
2021-11-22T19:16:31.546Z [User Mangement!] info: message
2021-11-22T19:18:44.441Z [User Mangement!] info: message
2021-11-22T19:19:42.010Z [User Mangement!] info: message
2021-11-22T19:21:50.015Z [User Mangement!] info: message
2021-11-22T19:21:51.526Z [User Mangement!] info: message
2021-11-22T19:24:32.435Z [User Mangement!] info: message
2021-11-22T19:27:14.274Z [User Mangement!] info: message
2021-11-22T19:27:31.303Z [User Mangement!] info: message
2021-11-22T19:28:15.849Z [User Mangement!] info: message
2021-11-22T19:29:19.744Z [User Mangement!] info: message
2021-11-22T19:30:17.592Z [User Mangement!] info: message
2021-11-22T19:31:07.788Z [User Mangement!] info: message
2021-11-22T19:31:42.066Z [User Mangement!] info: message
2021-11-22T19:55:21.723Z [User Mangement!] info: message
2021-11-22T20:15:18.172Z [User Mangement!] info: message
2021-11-22T20:15:52.573Z [User Mangement!] info: message
2021-11-23T05:20:47.543Z [User Mangement!] info: message
2021-11-23T05:43:32.254Z [User Mangement!] error: "password" length must be at least 8 characters long
2021-11-23T05:43:54.578Z [User Mangement!] info: message
2021-11-23T05:47:18.013Z [User Mangement!] info: message
2021-11-23T07:20:09.708Z [User Mangement!] info: message
2021-11-23T07:48:42.489Z [User Mangement!] error: "password" must only contain alpha-numeric characters
2021-11-23T07:48:56.376Z [User Mangement!] error: "password" must only contain alpha-numeric characters
2021-11-23T07:49:18.144Z [User Mangement!] error: "password" length must be less than or equal to 10 characters long
2021-11-23T07:49:55.528Z [User Mangement!] info: message
2021-11-23T08:06:01.444Z [User Mangement!] info: message
2021-11-23T08:07:36.512Z [User Mangement!] info: message
2021-11-23T08:08:25.606Z [User Mangement!] info: message
2021-11-23T08:09:12.952Z [User Mangement!] info: message
2021-11-23T08:09:46.080Z [User Mangement!] info: message
2021-11-23T08:10:00.489Z [User Mangement!] info: message
2021-11-23T08:11:33.029Z [User Mangement!] info: message
2021-11-23T08:12:24.444Z [User Mangement!] info: message
2021-11-23T08:13:25.453Z [User Mangement!] info: message
2021-11-23T08:17:12.632Z [User Mangement!] info: message
2021-11-23T08:20:06.539Z [User Mangement!] info: message
2021-11-23T08:23:50.074Z [User Mangement!] info: message
2021-11-23T08:26:20.085Z [User Mangement!] info: message
2021-11-23T08:27:19.138Z [User Mangement!] info: message
2021-11-23T08:32:52.601Z [User Mangement!] info: message
2021-11-23T08:32:52.606Z [User Mangement!] info: message
2021-11-23T08:36:34.924Z [User Mangement!] info: message
2021-11-23T08:43:39.988Z [User Mangement!] info: message
2021-11-23T08:44:31.823Z [User Mangement!] info: message
2021-11-23T08:45:17.350Z [User Mangement!] info: message
2021-11-23T08:46:03.526Z [User Mangement!] info: message
2021-11-23T08:47:04.076Z [User Mangement!] info: message
2021-11-23T08:51:09.384Z [User Mangement!] info: message
2021-11-23T08:53:19.823Z [User Mangement!] info: message
2021-11-23T08:54:56.198Z [User Mangement!] info: message
2021-11-23T08:57:17.529Z [User Mangement!] info: message
2021-11-23T09:01:12.747Z [User Mangement!] info: message
2021-11-23T09:04:02.113Z [User Mangement!] info: message
2021-11-23T09:15:26.364Z [User Mangement!] info: message
2021-11-23T09:16:46.519Z [User Mangement!] info: message
2021-11-23T09:18:20.225Z [User Mangement!] info: message
2021-11-23T09:20:13.480Z [User Mangement!] info: message
2021-11-23T09:25:28.833Z [User Mangement!] info: message
2021-11-23T09:25:52.480Z [User Mangement!] info: message
2021-11-23T09:52:10.572Z [User Mangement!] info: message
2021-11-23T09:54:26.238Z [User Mangement!] info: message
2021-11-23T10:44:33.251Z [User Mangement!] info: message
2021-11-23T11:11:33.596Z [User Mangement!] info: message
2021-11-23T11:11:33.647Z [User Mangement!] info: message
2021-11-23T11:13:42.629Z [User Mangement!] info: message
2021-11-23T11:18:39.508Z [User Mangement!] info: message
2021-11-23T11:18:50.299Z [User Mangement!] info: message
2021-11-23T11:19:59.021Z [User Mangement!] info: message
2021-11-23T11:47:16.007Z [User Mangement!] info: message
2021-11-23T11:49:11.919Z [User Mangement!] info: message
2021-11-23T11:52:05.548Z [User Mangement!] info: message
2021-11-23T11:53:42.821Z [User Mangement!] info: message
2021-11-23T11:56:01.499Z [User Mangement!] info: message
2021-11-23T12:00:54.744Z [User Mangement!] info: message
2021-11-23T12:01:09.155Z [User Mangement!] info: message
2021-11-23T12:02:53.643Z [User Mangement!] info: message
2021-11-23T12:04:37.651Z [User Mangement!] info: message
2021-11-23T12:05:30.061Z [User Mangement!] info: message
2021-11-23T12:09:26.986Z [User Mangement!] info: message
2021-11-23T12:12:27.856Z [User Mangement!] info: message
2021-11-23T12:15:00.214Z [User Mangement!] info: message
2021-11-23T12:16:53.525Z [User Mangement!] info: message
2021-11-23T12:18:30.264Z [User Mangement!] info: message
2021-11-23T12:21:35.513Z [User Mangement!] info: message
2021-11-23T12:21:43.592Z [User Mangement!] info: message
2021-11-23T12:23:32.452Z [User Mangement!] info: message
2021-11-23T12:24:36.514Z [User Mangement!] info: message
2021-11-23T12:25:48.061Z [User Mangement!] info: message
2021-11-23T12:26:41.474Z [User Mangement!] info: message
2021-11-23T12:29:35.504Z [User Mangement!] info: message
2021-11-23T12:31:35.283Z [User Mangement!] info: message
2021-11-23T12:32:55.752Z [User Mangement!] info: message
2021-11-23T12:53:57.403Z [User Mangement!] info: message
2021-11-23T13:16:52.994Z [User Mangement!] info: message
2021-11-23T13:18:38.031Z [User Mangement!] info: message
2021-11-23T13:20:59.119Z [User Mangement!] info: message
2021-11-23T13:23:55.524Z [User Mangement!] info: message
2021-11-23T13:24:02.964Z [User Mangement!] info: message
2021-11-23T13:30:59.809Z [User Mangement!] info: message
2021-11-23T13:33:55.297Z [User Mangement!] info: message
2021-11-23T13:41:15.503Z [User Mangement!] info: message
2021-11-23T13:42:57.764Z [User Mangement!] info: message
2021-11-23T13:45:07.955Z [User Mangement!] info: message
2021-11-23T13:45:07.978Z [User Mangement!] info: message
2021-11-23T13:46:51.990Z [User Mangement!] info: message
2021-11-23T13:49:07.681Z [User Mangement!] info: message
2021-11-23T13:51:51.597Z [User Mangement!] info: message
2021-11-23T13:54:05.618Z [User Mangement!] info: message
2021-11-23T14:06:23.015Z [User Mangement!] info: message
2021-11-23T14:06:52.349Z [User Mangement!] info: message
2021-11-23T14:09:01.445Z [User Mangement!] info: message
2021-11-23T14:23:06.403Z [User Mangement!] info: message
2021-11-23T14:25:15.082Z [User Mangement!] info: message
2021-11-23T14:29:30.221Z [User Mangement!] info: message
2021-11-23T14:31:45.713Z [User Mangement!] info: message
2021-11-23T14:33:21.400Z [User Mangement!] info: message
2021-11-23T14:35:37.484Z [User Mangement!] info: message
2021-11-23T14:41:23.296Z [User Mangement!] info: message
2021-11-23T14:44:21.657Z [User Mangement!] info: message
2021-11-23T14:44:21.662Z [User Mangement!] info: message
2021-11-23T14:45:18.789Z [User Mangement!] info: message
2021-11-23T15:53:53.208Z [User Mangement!] info: message
2021-11-23T15:56:29.801Z [User Mangement!] info: message
2021-11-23T16:02:39.669Z [User Mangement!] info: message
2021-11-23T16:04:40.639Z [User Mangement!] info: message
2021-11-23T16:06:09.735Z [User Mangement!] info: message
2021-11-23T16:09:13.655Z [User Mangement!] info: message
2021-11-23T16:12:25.783Z [User Mangement!] info: message
2021-11-23T16:13:43.050Z [User Mangement!] info: message
2021-11-23T16:14:48.229Z [User Mangement!] info: message
2021-11-23T16:21:24.430Z [User Mangement!] info: message
2021-11-23T16:24:57.189Z [User Mangement!] info: message
2021-11-24T05:20:15.803Z [User Mangement!] info: message
2021-11-24T05:25:48.835Z [User Mangement!] info: message
2021-11-24T05:27:12.529Z [User Mangement!] info: message
2021-11-24T05:28:14.614Z [User Mangement!] info: message
2021-11-24T05:33:51.612Z [User Mangement!] info: message
2021-11-24T05:36:09.618Z [User Mangement!] info: message
2021-11-24T05:37:57.607Z [User Mangement!] info: message
2021-11-24T05:38:24.990Z [User Mangement!] info: message
2021-11-24T05:39:22.287Z [User Mangement!] info: message
2021-11-24T05:41:35.954Z [User Mangement!] info: message
2021-11-24T05:43:20.509Z [User Mangement!] info: message
2021-11-24T05:44:36.339Z [User Mangement!] info: message
2021-11-24T05:45:10.163Z [User Mangement!] info: message
2021-11-24T05:47:09.134Z [User Mangement!] info: message
2021-11-24T05:51:07.741Z [User Mangement!] info: message
2021-11-24T05:54:27.009Z [User Mangement!] info: message
2021-11-24T05:57:50.920Z [User Mangement!] info: message
2021-11-24T06:01:24.011Z [User Mangement!] error: "receiverid" is required
2021-11-24T06:03:25.244Z [User Mangement!] error: "userid" is required
2021-11-24T06:05:14.226Z [User Mangement!] info: message
2021-11-24T06:06:09.522Z [User Mangement!] error: "paymantid" is required
2021-11-24T06:08:37.740Z [User Mangement!] info: message
2021-11-24T06:10:11.224Z [User Mangement!] info: message
2021-11-24T06:12:00.524Z [User Mangement!] info: message
2021-11-24T06:12:54.440Z [User Mangement!] error: "sendingcurrencyid" is required
2021-11-24T06:15:31.434Z [User Mangement!] info: message
2021-11-24T06:16:16.117Z [User Mangement!] info: message
2021-11-24T06:17:11.181Z [User Mangement!] info: message
2021-11-24T06:18:00.793Z [User Mangement!] error: "recievingcurrencyid" is required
2021-11-24T06:22:54.387Z [User Mangement!] info: message
2021-11-24T06:31:14.840Z [User Mangement!] info: message
2021-11-24T06:38:17.521Z [User Mangement!] info: message
2021-11-24T06:40:29.167Z [User Mangement!] info: message
2021-11-24T06:41:25.779Z [User Mangement!] info: message
2021-11-24T06:42:42.073Z [User Mangement!] info: message
2021-11-24T06:44:32.393Z [User Mangement!] info: message
2021-11-24T06:45:43.800Z [User Mangement!] info: message
2021-11-24T06:46:37.102Z [User Mangement!] error: "receivingamount" is required
2021-11-24T06:48:06.959Z [User Mangement!] info: message
2021-11-24T07:08:42.663Z [User Mangement!] info: You have been registered. Please check your email to verify account
2021-11-24T07:08:43.133Z [User Mangement!] info: message
2021-11-24T07:21:35.267Z [User Mangement!] info: message
2021-11-24T07:22:27.969Z [User Mangement!] info: message
2021-11-24T07:22:53.674Z [User Mangement!] info: message
2021-11-24T07:29:08.180Z [User Mangement!] info: message
2021-11-24T07:29:28.722Z [User Mangement!] info: message
2021-11-24T07:56:54.473Z [User Mangement!] info: message
2021-11-24T09:28:37.978Z [User Mangement!] info: message
2021-11-24T09:29:19.309Z [User Mangement!] info: message
2021-11-24T09:29:39.454Z [User Mangement!] info: message
2021-11-24T09:33:55.889Z [User Mangement!] info: message
2021-11-24T09:34:28.512Z [User Mangement!] info: message
2021-11-24T09:34:47.996Z [User Mangement!] info: message
2021-11-24T09:34:52.232Z [User Mangement!] info: message
2021-11-24T09:35:18.844Z [User Mangement!] info: message
2021-11-24T09:42:57.101Z [User Mangement!] info: message
2021-11-24T10:12:39.685Z [User Mangement!] info: message
2021-11-24T10:14:28.964Z [User Mangement!] info: message
2021-11-24T10:14:40.969Z [User Mangement!] info: message
2021-11-24T10:15:53.290Z [User Mangement!] info: message
2021-11-24T10:16:09.895Z [User Mangement!] info: message
2021-11-24T10:18:21.597Z [User Mangement!] info: message
2021-11-24T10:18:30.575Z [User Mangement!] info: message
2021-11-24T10:20:11.228Z [User Mangement!] info: message
2021-11-24T10:20:17.685Z [User Mangement!] info: message
2021-11-24T10:20:59.427Z [User Mangement!] info: message
2021-11-24T10:21:05.610Z [User Mangement!] info: message
2021-11-24T10:22:17.098Z [User Mangement!] info: message
2021-11-24T10:22:20.915Z [User Mangement!] info: message
2021-11-24T10:25:35.396Z [User Mangement!] info: message
2021-11-24T10:25:46.445Z [User Mangement!] info: message
2021-11-24T10:30:50.223Z [User Mangement!] info: message
2021-11-24T10:30:55.012Z [User Mangement!] info: message
2021-11-24T10:32:36.451Z [User Mangement!] info: message
2021-11-24T10:32:38.190Z [User Mangement!] info: message
2021-11-24T10:32:49.629Z [User Mangement!] info: message
2021-11-24T10:42:49.174Z [User Mangement!] info: message
2021-11-24T10:43:42.879Z [User Mangement!] info: message
2021-11-24T10:45:03.967Z [User Mangement!] info: message
2021-11-24T10:45:08.697Z [User Mangement!] info: message
2021-11-24T11:10:53.893Z [User Mangement!] info: message
2021-11-24T11:30:20.326Z [User Mangement!] info: message
2021-11-24T11:30:58.862Z [User Mangement!] info: message
2021-11-24T12:11:49.996Z [User Mangement!] info: message
2021-11-24T12:11:50.092Z [User Mangement!] info: message
2021-11-24T12:14:25.594Z [User Mangement!] info: message
2021-11-24T12:15:28.838Z [User Mangement!] info: message
2021-11-24T12:16:52.327Z [User Mangement!] info: message
2021-11-24T12:18:12.001Z [User Mangement!] info: message
2021-11-24T12:18:44.229Z [User Mangement!] info: message
2021-11-24T12:19:29.865Z [User Mangement!] info: message
2021-11-24T12:22:56.146Z [User Mangement!] info: message
2021-11-24T12:26:21.844Z [User Mangement!] info: message
2021-11-24T12:26:31.847Z [User Mangement!] info: message
2021-11-24T12:29:17.158Z [User Mangement!] info: message
2021-11-24T12:29:23.559Z [User Mangement!] info: message
2021-11-24T12:30:50.784Z [User Mangement!] info: message
2021-11-24T12:31:02.459Z [User Mangement!] info: message
2021-11-24T12:33:42.160Z [User Mangement!] info: message
2021-11-24T12:33:46.611Z [User Mangement!] info: message
2021-11-24T12:39:20.996Z [User Mangement!] info: message
2021-11-24T12:39:24.193Z [User Mangement!] info: message
2021-11-24T12:39:40.040Z [User Mangement!] info: message
2021-11-24T12:39:50.395Z [User Mangement!] info: message
2021-11-24T12:39:55.918Z [User Mangement!] info: message
2021-11-24T12:44:14.265Z [User Mangement!] info: message
2021-11-24T12:44:18.890Z [User Mangement!] info: message
2021-11-24T12:44:38.155Z [User Mangement!] info: message
2021-11-24T12:46:03.283Z [User Mangement!] info: message
2021-11-24T12:47:59.992Z [User Mangement!] info: message
2021-11-24T12:48:13.506Z [User Mangement!] info: message
2021-11-24T13:03:24.007Z [User Mangement!] info: message
2021-11-24T13:03:24.025Z [User Mangement!] info: message
2021-11-24T13:06:59.775Z [User Mangement!] info: successfuly aproved the remittence
2021-11-24T13:10:22.621Z [User Mangement!] info: message
2021-11-24T13:10:28.095Z [User Mangement!] info: message
2021-11-24T13:12:24.372Z [User Mangement!] info: successfuly aproved the remittence
2021-11-24T13:12:25.353Z [User Mangement!] info: message
2021-11-24T13:12:32.090Z [User Mangement!] info: message
2021-11-24T13:26:29.550Z [User Mangement!] info: message
2021-11-24T13:26:29.568Z [User Mangement!] info: message
2021-11-24T13:26:48.685Z [User Mangement!] info: message
2021-11-24T13:27:15.481Z [User Mangement!] info: message
2021-11-24T13:29:11.714Z [User Mangement!] info: undefined
2021-11-24T13:29:11.941Z [User Mangement!] info: message
2021-11-24T13:29:11.941Z [User Mangement!] info: message
2021-11-24T13:29:27.823Z [User Mangement!] info: message
2021-11-24T13:49:17.480Z [User Mangement!] info: message
2021-11-24T13:53:52.578Z [User Mangement!] info: message
2021-11-24T13:54:14.240Z [User Mangement!] info: message
2021-11-24T15:00:09.149Z [User Mangement!] info: message
2021-11-24T16:18:08.953Z [User Mangement!] info: message
2021-11-24T17:16:26.048Z [User Mangement!] info: message
2021-11-24T17:16:42.357Z [User Mangement!] info: message
2021-11-24T17:16:46.168Z [User Mangement!] info: message
2021-11-24T17:20:09.738Z [User Mangement!] info: message
2021-11-24T17:52:39.561Z [User Mangement!] info: message
2021-11-24T17:55:56.008Z [User Mangement!] info: message
